  main.cpp
D:\cours L3\ProjetC++\projet\basecode_SDL2\basecode_SDL2\main.cpp(18,21): warning C4129: 'd' : caractère de séquence d'échappement non reconnu
D:\cours L3\ProjetC++\projet\basecode_SDL2\basecode_SDL2\main.cpp(18,21): warning C4129: 'w' : caractère de séquence d'échappement non reconnu
  basecode_SDL2.vcxproj -> D:\cours L3\ProjetC++\projet\basecode_SDL2\bin\basecode_SDL2_d.exe
  D:\cours L3\ProjetC++\projet\basecode_SDL2\librairies\SDL2-2.0.6\bin\Win32\libFLAC-8.dll
  D:\cours L3\ProjetC++\projet\basecode_SDL2\librairies\SDL2-2.0.6\bin\Win32\libfreetype-6.dll
  D:\cours L3\ProjetC++\projet\basecode_SDL2\librairies\SDL2-2.0.6\bin\Win32\libjpeg-9.dll
  D:\cours L3\ProjetC++\projet\basecode_SDL2\librairies\SDL2-2.0.6\bin\Win32\libmikmod-2.dll
  D:\cours L3\ProjetC++\projet\basecode_SDL2\librairies\SDL2-2.0.6\bin\Win32\libmodplug-1.dll
  D:\cours L3\ProjetC++\projet\basecode_SDL2\librairies\SDL2-2.0.6\bin\Win32\libogg-0.dll
  D:\cours L3\ProjetC++\projet\basecode_SDL2\librairies\SDL2-2.0.6\bin\Win32\libpng16-16.dll
  D:\cours L3\ProjetC++\projet\basecode_SDL2\librairies\SDL2-2.0.6\bin\Win32\libtiff-5.dll
  D:\cours L3\ProjetC++\projet\basecode_SDL2\librairies\SDL2-2.0.6\bin\Win32\libvorbis-0.dll
  D:\cours L3\ProjetC++\projet\basecode_SDL2\librairies\SDL2-2.0.6\bin\Win32\libvorbisfile-3.dll
  D:\cours L3\ProjetC++\projet\basecode_SDL2\librairies\SDL2-2.0.6\bin\Win32\libwebp-4.dll
  D:\cours L3\ProjetC++\projet\basecode_SDL2\librairies\SDL2-2.0.6\bin\Win32\SDL2.dll
  D:\cours L3\ProjetC++\projet\basecode_SDL2\librairies\SDL2-2.0.6\bin\Win32\SDL2_image.dll
  D:\cours L3\ProjetC++\projet\basecode_SDL2\librairies\SDL2-2.0.6\bin\Win32\SDL2_mixer.dll
  D:\cours L3\ProjetC++\projet\basecode_SDL2\librairies\SDL2-2.0.6\bin\Win32\SDL2_ttf.dll
  D:\cours L3\ProjetC++\projet\basecode_SDL2\librairies\SDL2-2.0.6\bin\Win32\smpeg2.dll
  D:\cours L3\ProjetC++\projet\basecode_SDL2\librairies\SDL2-2.0.6\bin\Win32\zlib1.dll
  17 fichier(s) copié(s)
  D:\cours L3\ProjetC++\projet\basecode_SDL2\basecode_SDL2\data\characters.jdc
  D:\cours L3\ProjetC++\projet\basecode_SDL2\basecode_SDL2\data\weapons.jdc
  2 fichier(s) copié(s)
